2021-03-10 10:29:55.8092|INFO|Microsoft.AspNetCore.DataProtection.KeyManagement.XmlKeyManager|User profile is available. Using 'C:\Users\Russell\AppData\Local\ASP.NET\DataProtection-Keys' as key repository and Windows DPAPI to encrypt keys at rest.
2021-03-10 10:29:56.2765|INFO|Microsoft.AspNetCore.Hosting.Internal.WebHost|Request starting HTTP/1.1 DEBUG http://localhost:1028/  0
2021-03-10 10:29:56.2765|INFO|Microsoft.AspNetCore.Hosting.Internal.WebHost|Request starting HTTP/1.1 GET http://localhost:1028/  
2021-03-10 10:29:56.3018|INFO|Microsoft.AspNetCore.Hosting.Internal.WebHost|Request finished in 25.4239ms 200 
2021-03-10 10:29:56.3788|INFO|Microsoft.AspNetCore.Hosting.Internal.WebHost|Request finished in 103.696ms 404 text/plain
2021-03-10 10:29:56.4345|INFO|Microsoft.AspNetCore.Hosting.Internal.WebHost|Request starting HTTP/1.1 GET http://localhost:1028/favicon.ico  
2021-03-10 10:29:56.4345|INFO|Microsoft.AspNetCore.Hosting.Internal.WebHost|Request finished in 1.6037ms 404 text/plain
2021-03-10 10:30:05.0547|INFO|Microsoft.AspNetCore.Hosting.Internal.WebHost|Request starting HTTP/1.1 GET http://localhost:1028/api/cities/10/pointsofinterest/  
2021-03-10 10:30:05.0770|INFO|Microsoft.AspNetCore.Mvc.Internal.ControllerActionInvoker|Route matched with {action = "GetPointsOfInterest", controller = "PointsOfInterest"}. Executing controller action with signature Microsoft.AspNetCore.Mvc.IActionResult GetPointsOfInterest(Int32) on controller CityInfo.API.Controllers.PointsOfInterestController (CityInfo.API).
2021-03-10 10:30:05.0906|INFO|Microsoft.AspNetCore.Mvc.Internal.ControllerActionInvoker|Executing action method CityInfo.API.Controllers.PointsOfInterestController.GetPointsOfInterest (CityInfo.API) - Validation state: Valid
2021-03-10 10:30:05.0906|INFO|CityInfo.API.Controllers.PointsOfInterestController|City with id 10 wasn't found when accessing points of interest.
2021-03-10 10:30:05.0906|INFO|Microsoft.AspNetCore.Mvc.Internal.ControllerActionInvoker|Executed action method CityInfo.API.Controllers.PointsOfInterestController.GetPointsOfInterest (CityInfo.API), returned result Microsoft.AspNetCore.Mvc.NotFoundResult in 3.0119ms.
2021-03-10 10:30:05.0906|INFO|Microsoft.AspNetCore.Mvc.StatusCodeResult|Executing HttpStatusCodeResult, setting HTTP status code 404
2021-03-10 10:30:05.0906|INFO|Microsoft.AspNetCore.Mvc.Internal.ControllerActionInvoker|Executed action CityInfo.API.Controllers.PointsOfInterestController.GetPointsOfInterest (CityInfo.API) in 23.9288ms
2021-03-10 10:30:05.1058|INFO|Microsoft.AspNetCore.Hosting.Internal.WebHost|Request finished in 51.1292ms 404 text/plain
2021-03-10 10:30:30.2824|INFO|Microsoft.AspNetCore.DataProtection.KeyManagement.XmlKeyManager|User profile is available. Using 'C:\Users\Russell\AppData\Local\ASP.NET\DataProtection-Keys' as key repository and Windows DPAPI to encrypt keys at rest.
2021-03-10 10:30:30.6985|INFO|Microsoft.AspNetCore.Hosting.Internal.WebHost|Request starting HTTP/1.1 DEBUG http://localhost:1028/  0
2021-03-10 10:30:30.6985|INFO|Microsoft.AspNetCore.Hosting.Internal.WebHost|Request starting HTTP/1.1 GET http://localhost:1028/  
2021-03-10 10:30:30.7227|INFO|Microsoft.AspNetCore.Hosting.Internal.WebHost|Request finished in 24.4116ms 200 
2021-03-10 10:30:30.7966|INFO|Microsoft.AspNetCore.Hosting.Internal.WebHost|Request finished in 99.2372ms 404 text/plain
2021-03-10 10:30:30.8498|INFO|Microsoft.AspNetCore.Hosting.Internal.WebHost|Request starting HTTP/1.1 GET http://localhost:1028/favicon.ico  
2021-03-10 10:30:30.8498|INFO|Microsoft.AspNetCore.Hosting.Internal.WebHost|Request finished in 2.9876ms 404 text/plain
2021-03-10 10:30:32.4279|INFO|Microsoft.AspNetCore.Hosting.Internal.WebHost|Request starting HTTP/1.1 GET http://localhost:1028/api/cities/10/pointsofinterest/  
2021-03-10 10:30:32.4502|INFO|Microsoft.AspNetCore.Mvc.Internal.ControllerActionInvoker|Route matched with {action = "GetPointsOfInterest", controller = "PointsOfInterest"}. Executing controller action with signature Microsoft.AspNetCore.Mvc.IActionResult GetPointsOfInterest(Int32) on controller CityInfo.API.Controllers.PointsOfInterestController (CityInfo.API).
2021-03-10 10:30:32.4646|INFO|Microsoft.AspNetCore.Mvc.Internal.ControllerActionInvoker|Executing action method CityInfo.API.Controllers.PointsOfInterestController.GetPointsOfInterest (CityInfo.API) - Validation state: Valid
2021-03-10 10:30:32.4837|FATAL|CityInfo.API.Controllers.PointsOfInterestController|Exception while getting points of interest for city with id 10.
2021-03-10 10:30:32.4837|INFO|Microsoft.AspNetCore.Mvc.Internal.ControllerActionInvoker|Executed action method CityInfo.API.Controllers.PointsOfInterestController.GetPointsOfInterest (CityInfo.API), returned result Microsoft.AspNetCore.Mvc.ObjectResult in 19.1356ms.
2021-03-10 10:30:32.4837|INFO|Microsoft.AspNetCore.Mvc.Infrastructure.ObjectResultExecutor|Executing ObjectResult, writing value of type 'System.String'.
2021-03-10 10:30:32.4949|INFO|Microsoft.AspNetCore.Mvc.Internal.ControllerActionInvoker|Executed action CityInfo.API.Controllers.PointsOfInterestController.GetPointsOfInterest (CityInfo.API) in 42.4299ms
2021-03-10 10:30:32.4949|INFO|Microsoft.AspNetCore.Hosting.Internal.WebHost|Request finished in 69.5799ms 500 text/plain; charset=utf-8
2021-03-10 11:00:10.3423|INFO|CityInfo.API.Program|Initializing application...
2021-03-10 11:00:10.8462|INFO|Microsoft.AspNetCore.DataProtection.KeyManagement.XmlKeyManager|User profile is available. Using 'C:\Users\Russell\AppData\Local\ASP.NET\DataProtection-Keys' as key repository and Windows DPAPI to encrypt keys at rest.
2021-03-10 11:00:11.0843|INFO|Microsoft.AspNetCore.Hosting.Internal.WebHost|Request starting HTTP/1.1 GET http://localhost:1028/  
2021-03-10 11:00:11.0843|INFO|Microsoft.AspNetCore.Hosting.Internal.WebHost|Request starting HTTP/1.1 DEBUG http://localhost:1028/  0
2021-03-10 11:00:11.1075|INFO|Microsoft.AspNetCore.Hosting.Internal.WebHost|Request finished in 23.2488ms 200 
2021-03-10 11:00:11.1840|INFO|Microsoft.AspNetCore.Hosting.Internal.WebHost|Request finished in 101.0769ms 404 text/plain
2021-03-10 11:00:11.2549|INFO|Microsoft.AspNetCore.Hosting.Internal.WebHost|Request starting HTTP/1.1 GET http://localhost:1028/favicon.ico  
2021-03-10 11:00:11.2549|INFO|Microsoft.AspNetCore.Hosting.Internal.WebHost|Request finished in 1.8752ms 404 text/plain
2021-03-10 11:01:03.4176|INFO|CityInfo.API.Program|Initializing application...
2021-03-10 11:01:03.8795|INFO|Microsoft.AspNetCore.DataProtection.KeyManagement.XmlKeyManager|User profile is available. Using 'C:\Users\Russell\AppData\Local\ASP.NET\DataProtection-Keys' as key repository and Windows DPAPI to encrypt keys at rest.
2021-03-10 11:01:04.2206|INFO|Microsoft.AspNetCore.Hosting.Internal.WebHost|Request starting HTTP/1.1 GET http://localhost:1028/  
2021-03-10 11:01:04.2206|INFO|Microsoft.AspNetCore.Hosting.Internal.WebHost|Request starting HTTP/1.1 DEBUG http://localhost:1028/  0
2021-03-10 11:01:04.2488|INFO|Microsoft.AspNetCore.Hosting.Internal.WebHost|Request finished in 28.6258ms 200 
2021-03-10 11:01:04.3308|INFO|Microsoft.AspNetCore.Hosting.Internal.WebHost|Request finished in 111.7606ms 404 text/plain
2021-03-10 11:01:04.3893|INFO|Microsoft.AspNetCore.Hosting.Internal.WebHost|Request starting HTTP/1.1 GET http://localhost:1028/favicon.ico  
2021-03-10 11:01:04.3893|INFO|Microsoft.AspNetCore.Hosting.Internal.WebHost|Request finished in 1.7581ms 404 text/plain
2021-03-10 11:18:29.4456|INFO|CityInfo.API.Program|Initializing application...
2021-03-10 11:18:29.8755|INFO|Microsoft.AspNetCore.DataProtection.KeyManagement.XmlKeyManager|User profile is available. Using 'C:\Users\Russell\AppData\Local\ASP.NET\DataProtection-Keys' as key repository and Windows DPAPI to encrypt keys at rest.
2021-03-10 11:18:30.1869|INFO|Microsoft.AspNetCore.Hosting.Internal.WebHost|Request starting HTTP/1.1 GET http://localhost:1028/  
2021-03-10 11:18:30.1869|INFO|Microsoft.AspNetCore.Hosting.Internal.WebHost|Request starting HTTP/1.1 DEBUG http://localhost:1028/  0
2021-03-10 11:18:30.2097|INFO|Microsoft.AspNetCore.Hosting.Internal.WebHost|Request finished in 22.9363ms 200 
2021-03-10 11:18:30.2810|INFO|Microsoft.AspNetCore.Hosting.Internal.WebHost|Request finished in 95.2091ms 404 text/plain
2021-03-10 11:18:30.3362|INFO|Microsoft.AspNetCore.Hosting.Internal.WebHost|Request starting HTTP/1.1 GET http://localhost:1028/favicon.ico  
2021-03-10 11:18:30.3362|INFO|Microsoft.AspNetCore.Hosting.Internal.WebHost|Request finished in 1.9537ms 404 text/plain
2021-03-10 11:18:40.7922|INFO|Microsoft.AspNetCore.Hosting.Internal.WebHost|Request starting HTTP/1.1 GET http://localhost:1028/api/cities/1/pointsofinterest  
2021-03-10 11:18:40.8144|INFO|Microsoft.AspNetCore.Mvc.Internal.ControllerActionInvoker|Route matched with {action = "GetPointsOfInterest", controller = "PointsOfInterest"}. Executing controller action with signature Microsoft.AspNetCore.Mvc.IActionResult GetPointsOfInterest(Int32) on controller CityInfo.API.Controllers.PointsOfInterestController (CityInfo.API).
2021-03-10 11:18:40.8283|INFO|Microsoft.AspNetCore.Mvc.Internal.ControllerActionInvoker|Executing action method CityInfo.API.Controllers.PointsOfInterestController.GetPointsOfInterest (CityInfo.API) - Validation state: Valid
2021-03-10 11:18:40.8283|INFO|Microsoft.AspNetCore.Mvc.Internal.ControllerActionInvoker|Executed action method CityInfo.API.Controllers.PointsOfInterestController.GetPointsOfInterest (CityInfo.API), returned result Microsoft.AspNetCore.Mvc.OkObjectResult in 1.5726ms.
2021-03-10 11:18:40.8378|INFO|Microsoft.AspNetCore.Mvc.Infrastructure.ObjectResultExecutor|Executing ObjectResult, writing value of type 'System.Collections.Generic.List`1[[CityInfo.API.Models.PointOfInterestDto, CityInfo.API, Version=1.0.0.0, Culture=neutral, PublicKeyToken=null]]'.
2021-03-10 11:18:40.8710|INFO|Microsoft.AspNetCore.Mvc.Internal.ControllerActionInvoker|Executed action CityInfo.API.Controllers.PointsOfInterestController.GetPointsOfInterest (CityInfo.API) in 53.8999ms
2021-03-10 11:18:40.8710|INFO|Microsoft.AspNetCore.Hosting.Internal.WebHost|Request finished in 81.6411ms 200 application/json; charset=utf-8
2021-03-10 11:19:08.9725|INFO|Microsoft.AspNetCore.Hosting.Internal.WebHost|Request starting HTTP/1.1 DELETE http://localhost:1028/api/cities/1/pointsofinterest  
2021-03-10 11:19:08.9752|INFO|Microsoft.AspNetCore.Hosting.Internal.WebHost|Request finished in 2.9576ms 404 text/plain
2021-03-10 11:19:22.6130|INFO|Microsoft.AspNetCore.Hosting.Internal.WebHost|Request starting HTTP/1.1 DELETE http://localhost:1028/api/cities/1/pointsofinterest/1  
2021-03-10 11:19:22.6168|INFO|Microsoft.AspNetCore.Mvc.Internal.ControllerActionInvoker|Route matched with {action = "DeletePointOfInterest", controller = "PointsOfInterest"}. Executing controller action with signature Microsoft.AspNetCore.Mvc.IActionResult DeletePointOfInterest(Int32, Int32) on controller CityInfo.API.Controllers.PointsOfInterestController (CityInfo.API).
2021-03-10 11:19:22.6168|INFO|Microsoft.AspNetCore.Mvc.Internal.ControllerActionInvoker|Executing action method CityInfo.API.Controllers.PointsOfInterestController.DeletePointOfInterest (CityInfo.API) - Validation state: Valid
2021-03-10 11:19:22.6168|INFO|Microsoft.AspNetCore.Mvc.Internal.ControllerActionInvoker|Executed action method CityInfo.API.Controllers.PointsOfInterestController.DeletePointOfInterest (CityInfo.API), returned result Microsoft.AspNetCore.Mvc.NoContentResult in 3.1868ms.
2021-03-10 11:19:22.6168|INFO|Microsoft.AspNetCore.Mvc.StatusCodeResult|Executing HttpStatusCodeResult, setting HTTP status code 204
2021-03-10 11:19:22.6168|INFO|Microsoft.AspNetCore.Mvc.Internal.ControllerActionInvoker|Executed action CityInfo.API.Controllers.PointsOfInterestController.DeletePointOfInterest (CityInfo.API) in 9.6348ms
2021-03-10 11:19:22.6168|INFO|Microsoft.AspNetCore.Hosting.Internal.WebHost|Request finished in 15.7733ms 204 
2021-03-10 11:30:49.7021|INFO|CityInfo.API.Program|Initializing application...
2021-03-10 11:30:50.1670|INFO|Microsoft.AspNetCore.DataProtection.KeyManagement.XmlKeyManager|User profile is available. Using 'C:\Users\Russell\AppData\Local\ASP.NET\DataProtection-Keys' as key repository and Windows DPAPI to encrypt keys at rest.
2021-03-10 11:30:50.4971|INFO|Microsoft.AspNetCore.Hosting.Internal.WebHost|Request starting HTTP/1.1 DEBUG http://localhost:1028/  0
2021-03-10 11:30:50.4971|INFO|Microsoft.AspNetCore.Hosting.Internal.WebHost|Request starting HTTP/1.1 GET http://localhost:1028/  
2021-03-10 11:30:50.5204|INFO|Microsoft.AspNetCore.Hosting.Internal.WebHost|Request finished in 22.6773ms 200 
2021-03-10 11:30:50.5975|INFO|Microsoft.AspNetCore.Hosting.Internal.WebHost|Request finished in 101.4366ms 404 text/plain
2021-03-10 11:30:50.6527|INFO|Microsoft.AspNetCore.Hosting.Internal.WebHost|Request starting HTTP/1.1 GET http://localhost:1028/favicon.ico  
2021-03-10 11:30:50.6527|INFO|Microsoft.AspNetCore.Hosting.Internal.WebHost|Request finished in 1.6386ms 404 text/plain
2021-03-10 11:30:53.7475|INFO|Microsoft.AspNetCore.Hosting.Internal.WebHost|Request starting HTTP/1.1 DELETE http://localhost:1028/api/cities/1/pointsofinterest/1  
2021-03-10 11:30:53.7702|INFO|Microsoft.AspNetCore.Mvc.Internal.ControllerActionInvoker|Route matched with {action = "DeletePointOfInterest", controller = "PointsOfInterest"}. Executing controller action with signature Microsoft.AspNetCore.Mvc.IActionResult DeletePointOfInterest(Int32, Int32) on controller CityInfo.API.Controllers.PointsOfInterestController (CityInfo.API).
2021-03-10 11:30:53.7852|INFO|Microsoft.AspNetCore.Mvc.Internal.ControllerActionInvoker|Executing action method CityInfo.API.Controllers.PointsOfInterestController.DeletePointOfInterest (CityInfo.API) - Validation state: Valid
2021-03-10 11:30:53.7852|INFO|Microsoft.AspNetCore.Mvc.Internal.ControllerActionInvoker|Executed action method CityInfo.API.Controllers.PointsOfInterestController.DeletePointOfInterest (CityInfo.API), returned result Microsoft.AspNetCore.Mvc.NoContentResult in 4.3847ms.
2021-03-10 11:30:53.7852|INFO|Microsoft.AspNetCore.Mvc.StatusCodeResult|Executing HttpStatusCodeResult, setting HTTP status code 204
2021-03-10 11:30:53.7994|INFO|Microsoft.AspNetCore.Mvc.Internal.ControllerActionInvoker|Executed action CityInfo.API.Controllers.PointsOfInterestController.DeletePointOfInterest (CityInfo.API) in 26.8548ms
2021-03-10 11:30:53.7994|INFO|Microsoft.AspNetCore.Hosting.Internal.WebHost|Request finished in 54.6026ms 204 
2021-03-10 11:41:38.9809|INFO|CityInfo.API.Program|Initializing application...
2021-03-10 11:41:39.4710|INFO|Microsoft.AspNetCore.DataProtection.KeyManagement.XmlKeyManager|User profile is available. Using 'C:\Users\Russell\AppData\Local\ASP.NET\DataProtection-Keys' as key repository and Windows DPAPI to encrypt keys at rest.
2021-03-10 11:41:39.7201|INFO|Microsoft.AspNetCore.Hosting.Internal.WebHost|Request starting HTTP/1.1 DEBUG http://localhost:1028/  0
2021-03-10 11:41:39.7201|INFO|Microsoft.AspNetCore.Hosting.Internal.WebHost|Request starting HTTP/1.1 GET http://localhost:1028/  
2021-03-10 11:41:39.7420|INFO|Microsoft.AspNetCore.Hosting.Internal.WebHost|Request finished in 22.1202ms 200 
2021-03-10 11:41:39.8072|INFO|Microsoft.AspNetCore.Hosting.Internal.WebHost|Request finished in 88.202ms 404 text/plain
2021-03-10 11:41:39.8585|INFO|Microsoft.AspNetCore.Hosting.Internal.WebHost|Request starting HTTP/1.1 GET http://localhost:1028/favicon.ico  
2021-03-10 11:41:39.8585|INFO|Microsoft.AspNetCore.Hosting.Internal.WebHost|Request finished in 1.748ms 404 text/plain
2021-03-10 11:41:44.9619|INFO|Microsoft.AspNetCore.Hosting.Internal.WebHost|Request starting HTTP/1.1 DELETE http://localhost:1028/api/cities/1/pointsofinterest/1  
2021-03-10 11:41:44.9882|INFO|Microsoft.AspNetCore.Mvc.Internal.ControllerActionInvoker|Route matched with {action = "DeletePointOfInterest", controller = "PointsOfInterest"}. Executing controller action with signature Microsoft.AspNetCore.Mvc.IActionResult DeletePointOfInterest(Int32, Int32) on controller CityInfo.API.Controllers.PointsOfInterestController (CityInfo.API).
2021-03-10 11:41:45.0038|INFO|Microsoft.AspNetCore.Mvc.Internal.ControllerActionInvoker|Executing action method CityInfo.API.Controllers.PointsOfInterestController.DeletePointOfInterest (CityInfo.API) - Validation state: Valid
2021-03-10 11:41:45.0107|INFO|Microsoft.AspNetCore.Mvc.Internal.ControllerActionInvoker|Executed action method CityInfo.API.Controllers.PointsOfInterestController.DeletePointOfInterest (CityInfo.API), returned result Microsoft.AspNetCore.Mvc.NoContentResult in 4.1764ms.
2021-03-10 11:41:45.0107|INFO|Microsoft.AspNetCore.Mvc.StatusCodeResult|Executing HttpStatusCodeResult, setting HTTP status code 204
2021-03-10 11:41:45.0107|INFO|Microsoft.AspNetCore.Mvc.Internal.ControllerActionInvoker|Executed action CityInfo.API.Controllers.PointsOfInterestController.DeletePointOfInterest (CityInfo.API) in 26.8633ms
2021-03-10 11:41:45.0107|INFO|Microsoft.AspNetCore.Hosting.Internal.WebHost|Request finished in 58.8995ms 204 
2021-03-10 11:49:31.3424|INFO|CityInfo.API.Program|Initializing application...
2021-03-10 11:49:31.8047|INFO|Microsoft.AspNetCore.DataProtection.KeyManagement.XmlKeyManager|User profile is available. Using 'C:\Users\Russell\AppData\Local\ASP.NET\DataProtection-Keys' as key repository and Windows DPAPI to encrypt keys at rest.
2021-03-10 11:49:32.1390|INFO|Microsoft.AspNetCore.Hosting.Internal.WebHost|Request starting HTTP/1.1 DEBUG http://localhost:1028/  0
2021-03-10 11:49:32.1390|INFO|Microsoft.AspNetCore.Hosting.Internal.WebHost|Request starting HTTP/1.1 GET http://localhost:1028/  
2021-03-10 11:49:32.1612|INFO|Microsoft.AspNetCore.Hosting.Internal.WebHost|Request finished in 22.4557ms 200 
2021-03-10 11:49:32.2331|INFO|Microsoft.AspNetCore.Hosting.Internal.WebHost|Request finished in 95.2826ms 404 text/plain
2021-03-10 11:49:32.2830|INFO|Microsoft.AspNetCore.Hosting.Internal.WebHost|Request starting HTTP/1.1 GET http://localhost:1028/favicon.ico  
2021-03-10 11:49:32.2830|INFO|Microsoft.AspNetCore.Hosting.Internal.WebHost|Request finished in 1.7001ms 404 text/plain
2021-03-10 11:49:33.3682|INFO|Microsoft.AspNetCore.Hosting.Internal.WebHost|Request starting HTTP/1.1 DELETE http://localhost:1028/api/cities/1/pointsofinterest/1  
2021-03-10 11:49:33.3903|INFO|Microsoft.AspNetCore.Mvc.Internal.ControllerActionInvoker|Route matched with {action = "DeletePointOfInterest", controller = "PointsOfInterest"}. Executing controller action with signature Microsoft.AspNetCore.Mvc.IActionResult DeletePointOfInterest(Int32, Int32) on controller CityInfo.API.Controllers.PointsOfInterestController (CityInfo.API).
2021-03-10 11:49:33.4042|INFO|Microsoft.AspNetCore.Mvc.Internal.ControllerActionInvoker|Executing action method CityInfo.API.Controllers.PointsOfInterestController.DeletePointOfInterest (CityInfo.API) - Validation state: Valid
2021-03-10 11:49:33.4042|INFO|Microsoft.AspNetCore.Mvc.Internal.ControllerActionInvoker|Executed action method CityInfo.API.Controllers.PointsOfInterestController.DeletePointOfInterest (CityInfo.API), returned result Microsoft.AspNetCore.Mvc.NoContentResult in 4.3744ms.
2021-03-10 11:49:33.4157|INFO|Microsoft.AspNetCore.Mvc.StatusCodeResult|Executing HttpStatusCodeResult, setting HTTP status code 204
2021-03-10 11:49:33.4157|INFO|Microsoft.AspNetCore.Mvc.Internal.ControllerActionInvoker|Executed action CityInfo.API.Controllers.PointsOfInterestController.DeletePointOfInterest (CityInfo.API) in 25.6899ms
2021-03-10 11:49:33.4157|INFO|Microsoft.AspNetCore.Hosting.Internal.WebHost|Request finished in 53.2323ms 204 
2021-03-10 11:50:18.3085|INFO|CityInfo.API.Program|Initializing application...
2021-03-10 11:50:18.8059|INFO|Microsoft.AspNetCore.DataProtection.KeyManagement.XmlKeyManager|User profile is available. Using 'C:\Users\Russell\AppData\Local\ASP.NET\DataProtection-Keys' as key repository and Windows DPAPI to encrypt keys at rest.
2021-03-10 11:50:18.9789|FATAL|Microsoft.AspNetCore.Hosting.Internal.WebHost|Application startup exception
2021-03-10 11:50:19.2889|INFO|Microsoft.AspNetCore.Hosting.Internal.WebHost|Request starting HTTP/1.1 DEBUG http://localhost:1028/  0
2021-03-10 11:50:19.2889|INFO|Microsoft.AspNetCore.Hosting.Internal.WebHost|Request starting HTTP/1.1 GET http://localhost:1028/  
2021-03-10 11:50:19.3058|INFO|Microsoft.AspNetCore.Hosting.Internal.WebHost|Request finished in 18.3948ms 500 
2021-03-10 11:50:19.3058|ERROR|Microsoft.AspNetCore.Server.Kestrel|Connection id "0HM73NAMSTC60", Request id "0HM73NAMSTC60:00000001": An unhandled exception was thrown by the application.
2021-03-10 11:50:19.3058|INFO|Microsoft.AspNetCore.Hosting.Internal.WebHost|Request finished in 20.9594ms 500 text/html; charset=utf-8
2021-03-10 11:50:20.7853|INFO|Microsoft.AspNetCore.Hosting.Internal.WebHost|Request starting HTTP/1.1 DELETE http://localhost:1028/api/cities/1/pointsofinterest/1  
2021-03-10 11:50:20.7853|INFO|Microsoft.AspNetCore.Hosting.Internal.WebHost|Request finished in 1.954ms 500 text/html; charset=utf-8
2021-03-10 11:50:38.0452|INFO|Microsoft.AspNetCore.Hosting.Internal.WebHost|Request starting HTTP/1.1 DELETE http://localhost:1028/api/cities/1/pointsofinterest/1  
2021-03-10 11:50:38.0452|INFO|Microsoft.AspNetCore.Hosting.Internal.WebHost|Request finished in 1.9648ms 500 text/html; charset=utf-8
2021-03-10 11:50:58.0564|INFO|CityInfo.API.Program|Initializing application...
2021-03-10 11:50:58.5033|INFO|Microsoft.AspNetCore.DataProtection.KeyManagement.XmlKeyManager|User profile is available. Using 'C:\Users\Russell\AppData\Local\ASP.NET\DataProtection-Keys' as key repository and Windows DPAPI to encrypt keys at rest.
2021-03-10 11:50:58.6556|FATAL|Microsoft.AspNetCore.Hosting.Internal.WebHost|Application startup exception
2021-03-10 11:50:58.9590|INFO|Microsoft.AspNetCore.Hosting.Internal.WebHost|Request starting HTTP/1.1 GET http://localhost:1028/  
2021-03-10 11:50:58.9590|INFO|Microsoft.AspNetCore.Hosting.Internal.WebHost|Request starting HTTP/1.1 DEBUG http://localhost:1028/  0
2021-03-10 11:50:58.9690|ERROR|Microsoft.AspNetCore.Server.Kestrel|Connection id "0HM73NB2N8LN5", Request id "0HM73NB2N8LN5:00000001": An unhandled exception was thrown by the application.
2021-03-10 11:50:58.9690|INFO|Microsoft.AspNetCore.Hosting.Internal.WebHost|Request finished in 12.1947ms 500 text/html; charset=utf-8
2021-03-10 11:50:58.9690|ERROR|Microsoft.AspNetCore.Server.Kestrel|Connection id "0HM73NB2N8LN6", Request id "0HM73NB2N8LN6:00000001": An unhandled exception was thrown by the application.
2021-03-10 11:50:58.9690|INFO|Microsoft.AspNetCore.Hosting.Internal.WebHost|Request finished in 16.169ms 500 
2021-03-10 11:51:36.6351|INFO|CityInfo.API.Program|Initializing application...
2021-03-10 11:51:37.1340|INFO|Microsoft.AspNetCore.DataProtection.KeyManagement.XmlKeyManager|User profile is available. Using 'C:\Users\Russell\AppData\Local\ASP.NET\DataProtection-Keys' as key repository and Windows DPAPI to encrypt keys at rest.
2021-03-10 11:51:37.2795|FATAL|Microsoft.AspNetCore.Hosting.Internal.WebHost|Application startup exception
2021-03-10 11:51:37.6136|INFO|Microsoft.AspNetCore.Hosting.Internal.WebHost|Request starting HTTP/1.1 DEBUG http://localhost:1028/  0
2021-03-10 11:51:37.6136|INFO|Microsoft.AspNetCore.Hosting.Internal.WebHost|Request starting HTTP/1.1 GET http://localhost:1028/  
2021-03-10 11:51:37.6250|ERROR|Microsoft.AspNetCore.Server.Kestrel|Connection id "0HM73NBE7SNJA", Request id "0HM73NBE7SNJA:00000001": An unhandled exception was thrown by the application.
2021-03-10 11:51:37.6250|INFO|Microsoft.AspNetCore.Hosting.Internal.WebHost|Request finished in 13.6646ms 500 text/html; charset=utf-8
2021-03-10 11:51:37.6250|ERROR|Microsoft.AspNetCore.Server.Kestrel|Connection id "0HM73NBE7SNJ9", Request id "0HM73NBE7SNJ9:00000001": An unhandled exception was thrown by the application.
2021-03-10 11:51:37.6250|INFO|Microsoft.AspNetCore.Hosting.Internal.WebHost|Request finished in 17.1873ms 500 
2021-03-10 11:51:53.7790|INFO|Microsoft.AspNetCore.Hosting.Internal.WebHost|Request starting HTTP/1.1 DELETE http://localhost:1028/api/cities/1/pointsofinterest/1  
2021-03-10 11:51:53.7790|INFO|Microsoft.AspNetCore.Hosting.Internal.WebHost|Request finished in 4.0894ms 500 text/html; charset=utf-8
2021-03-10 11:52:26.5644|INFO|Microsoft.AspNetCore.Hosting.Internal.WebHost|Request starting HTTP/1.1 DELETE http://localhost:1028/api/cities/1/pointsofinterest/1  
2021-03-10 11:52:26.5644|INFO|Microsoft.AspNetCore.Hosting.Internal.WebHost|Request finished in 1.7ms 500 text/html; charset=utf-8
2021-03-10 11:54:41.0617|INFO|CityInfo.API.Program|Initializing application...
2021-03-10 11:54:41.4982|INFO|Microsoft.AspNetCore.DataProtection.KeyManagement.XmlKeyManager|User profile is available. Using 'C:\Users\Russell\AppData\Local\ASP.NET\DataProtection-Keys' as key repository and Windows DPAPI to encrypt keys at rest.
2021-03-10 11:54:41.6396|FATAL|Microsoft.AspNetCore.Hosting.Internal.WebHost|Application startup exception
2021-03-10 11:54:41.7353|INFO|Microsoft.AspNetCore.Hosting.Internal.WebHost|Request starting HTTP/1.1 GET http://localhost:1028/  
2021-03-10 11:54:41.7353|INFO|Microsoft.AspNetCore.Hosting.Internal.WebHost|Request starting HTTP/1.1 DEBUG http://localhost:1028/  0
2021-03-10 11:54:41.7450|ERROR|Microsoft.AspNetCore.Server.Kestrel|Connection id "0HM73ND53QGDN", Request id "0HM73ND53QGDN:00000001": An unhandled exception was thrown by the application.
2021-03-10 11:54:41.7450|INFO|Microsoft.AspNetCore.Hosting.Internal.WebHost|Request finished in 12.1322ms 500 text/html; charset=utf-8
2021-03-10 11:54:41.7450|ERROR|Microsoft.AspNetCore.Server.Kestrel|Connection id "0HM73ND53QGDO", Request id "0HM73ND53QGDO:00000001": An unhandled exception was thrown by the application.
2021-03-10 11:54:41.7450|INFO|Microsoft.AspNetCore.Hosting.Internal.WebHost|Request finished in 15.8918ms 500 
2021-03-10 11:54:46.2715|INFO|Microsoft.AspNetCore.Hosting.Internal.WebHost|Request starting HTTP/1.1 DELETE http://localhost:1028/api/cities/1/pointsofinterest/1  
2021-03-10 11:54:46.2734|INFO|Microsoft.AspNetCore.Hosting.Internal.WebHost|Request finished in 1.9579ms 500 text/html; charset=utf-8
2021-03-10 11:55:30.9408|INFO|CityInfo.API.Program|Initializing application...
2021-03-10 11:55:31.3786|INFO|Microsoft.AspNetCore.DataProtection.KeyManagement.XmlKeyManager|User profile is available. Using 'C:\Users\Russell\AppData\Local\ASP.NET\DataProtection-Keys' as key repository and Windows DPAPI to encrypt keys at rest.
2021-03-10 11:55:31.6197|INFO|Microsoft.AspNetCore.Hosting.Internal.WebHost|Request starting HTTP/1.1 DEBUG http://localhost:1028/  0
2021-03-10 11:55:31.6197|INFO|Microsoft.AspNetCore.Hosting.Internal.WebHost|Request starting HTTP/1.1 GET http://localhost:1028/  
2021-03-10 11:55:31.6417|INFO|Microsoft.AspNetCore.Hosting.Internal.WebHost|Request finished in 22.2717ms 200 
2021-03-10 11:55:31.7080|INFO|Microsoft.AspNetCore.Hosting.Internal.WebHost|Request finished in 89.5836ms 404 text/plain
2021-03-10 11:55:36.1707|INFO|Microsoft.AspNetCore.Hosting.Internal.WebHost|Request starting HTTP/1.1 DELETE http://localhost:1028/api/cities/1/pointsofinterest/1  
2021-03-10 11:55:36.1952|INFO|Microsoft.AspNetCore.Mvc.Internal.ControllerActionInvoker|Route matched with {action = "DeletePointOfInterest", controller = "PointsOfInterest"}. Executing controller action with signature Microsoft.AspNetCore.Mvc.IActionResult DeletePointOfInterest(Int32, Int32) on controller CityInfo.API.Controllers.PointsOfInterestController (CityInfo.API).
2021-03-10 11:55:36.1952|INFO|Microsoft.AspNetCore.Mvc.Internal.ControllerActionInvoker|Executing action method CityInfo.API.Controllers.PointsOfInterestController.DeletePointOfInterest (CityInfo.API) - Validation state: Valid
2021-03-10 11:55:36.2169|INFO|Microsoft.AspNetCore.Mvc.Internal.ControllerActionInvoker|Executed action method CityInfo.API.Controllers.PointsOfInterestController.DeletePointOfInterest (CityInfo.API), returned result Microsoft.AspNetCore.Mvc.NoContentResult in 4.3093ms.
2021-03-10 11:55:36.2169|INFO|Microsoft.AspNetCore.Mvc.StatusCodeResult|Executing HttpStatusCodeResult, setting HTTP status code 204
2021-03-10 11:55:36.2169|INFO|Microsoft.AspNetCore.Mvc.Internal.ControllerActionInvoker|Executed action CityInfo.API.Controllers.PointsOfInterestController.DeletePointOfInterest (CityInfo.API) in 26.4885ms
2021-03-10 11:55:36.2269|INFO|Microsoft.AspNetCore.Hosting.Internal.WebHost|Request finished in 56.2131ms 204 
2021-03-10 11:56:47.6091|INFO|CityInfo.API.Program|Initializing application...
2021-03-10 11:56:48.1036|INFO|Microsoft.AspNetCore.DataProtection.KeyManagement.XmlKeyManager|User profile is available. Using 'C:\Users\Russell\AppData\Local\ASP.NET\DataProtection-Keys' as key repository and Windows DPAPI to encrypt keys at rest.
2021-03-10 11:56:48.2588|FATAL|Microsoft.AspNetCore.Hosting.Internal.WebHost|Application startup exception
2021-03-10 11:56:48.5656|INFO|Microsoft.AspNetCore.Hosting.Internal.WebHost|Request starting HTTP/1.1 GET http://localhost:1028/  
2021-03-10 11:56:48.5656|INFO|Microsoft.AspNetCore.Hosting.Internal.WebHost|Request starting HTTP/1.1 DEBUG http://localhost:1028/  0
2021-03-10 11:56:48.5754|ERROR|Microsoft.AspNetCore.Server.Kestrel|Connection id "0HM73NEATAN2C", Request id "0HM73NEATAN2C:00000001": An unhandled exception was thrown by the application.
2021-03-10 11:56:48.5754|INFO|Microsoft.AspNetCore.Hosting.Internal.WebHost|Request finished in 13.1699ms 500 
2021-03-10 11:56:48.5754|INFO|Microsoft.AspNetCore.Hosting.Internal.WebHost|Request finished in 13.218ms 500 text/html; charset=utf-8
2021-03-10 11:56:56.5251|INFO|Microsoft.AspNetCore.Hosting.Internal.WebHost|Request starting HTTP/1.1 DELETE http://localhost:1028/api/cities/1/pointsofinterest/1  
2021-03-10 11:56:56.5251|INFO|Microsoft.AspNetCore.Hosting.Internal.WebHost|Request finished in 1.3338ms 500 text/html; charset=utf-8
2021-03-10 11:57:13.0931|INFO|Microsoft.AspNetCore.Hosting.Internal.WebHost|Request starting HTTP/1.1 DELETE http://localhost:1028/api/cities/1/pointsofinterest/1  
2021-03-10 11:57:13.0931|INFO|Microsoft.AspNetCore.Hosting.Internal.WebHost|Request finished in 1.3046ms 500 text/html; charset=utf-8
2021-03-10 11:57:45.8830|INFO|Microsoft.AspNetCore.Hosting.Internal.WebHost|Request starting HTTP/1.1 GET http://localhost:1028/api/cities/1  
2021-03-10 11:57:45.8830|INFO|Microsoft.AspNetCore.Hosting.Internal.WebHost|Request finished in 1.3671ms 500 text/html; charset=utf-8
2021-03-10 11:57:50.2434|INFO|Microsoft.AspNetCore.Hosting.Internal.WebHost|Request starting HTTP/1.1 GET http://localhost:1028/api/cities  
2021-03-10 11:57:50.2434|INFO|Microsoft.AspNetCore.Hosting.Internal.WebHost|Request finished in 1.2697ms 500 text/html; charset=utf-8
2021-03-10 12:01:17.0729|INFO|CityInfo.API.Program|Initializing application...
2021-03-10 12:01:17.5181|INFO|Microsoft.AspNetCore.DataProtection.KeyManagement.XmlKeyManager|User profile is available. Using 'C:\Users\Russell\AppData\Local\ASP.NET\DataProtection-Keys' as key repository and Windows DPAPI to encrypt keys at rest.
2021-03-10 12:01:17.6698|FATAL|Microsoft.AspNetCore.Hosting.Internal.WebHost|Application startup exception
2021-03-10 12:01:17.8603|INFO|Microsoft.AspNetCore.Hosting.Internal.WebHost|Request starting HTTP/1.1 DEBUG http://localhost:1028/  0
2021-03-10 12:01:17.8603|INFO|Microsoft.AspNetCore.Hosting.Internal.WebHost|Request starting HTTP/1.1 GET http://localhost:1028/  
2021-03-10 12:01:17.8697|ERROR|Microsoft.AspNetCore.Server.Kestrel|Connection id "0HM73NGR5HTIN", Request id "0HM73NGR5HTIN:00000001": An unhandled exception was thrown by the application.
2021-03-10 12:01:17.8697|INFO|Microsoft.AspNetCore.Hosting.Internal.WebHost|Request finished in 11.8656ms 500 text/html; charset=utf-8
2021-03-10 12:01:17.8697|ERROR|Microsoft.AspNetCore.Server.Kestrel|Connection id "0HM73NGR5HTIO", Request id "0HM73NGR5HTIO:00000001": An unhandled exception was thrown by the application.
2021-03-10 12:01:17.8697|INFO|Microsoft.AspNetCore.Hosting.Internal.WebHost|Request finished in 15.4263ms 500 
2021-03-10 12:01:33.4416|INFO|Microsoft.AspNetCore.Hosting.Internal.WebHost|Request starting HTTP/1.1 DELETE http://localhost:1028/api/cities/1/pointsofinterest/1  
2021-03-10 12:01:33.4459|INFO|Microsoft.AspNetCore.Hosting.Internal.WebHost|Request finished in 4.0515ms 500 text/html; charset=utf-8
2021-03-10 12:02:39.2200|INFO|CityInfo.API.Program|Initializing application...
2021-03-10 12:02:39.6888|INFO|Microsoft.AspNetCore.DataProtection.KeyManagement.XmlKeyManager|User profile is available. Using 'C:\Users\Russell\AppData\Local\ASP.NET\DataProtection-Keys' as key repository and Windows DPAPI to encrypt keys at rest.
2021-03-10 12:02:39.9577|INFO|Microsoft.AspNetCore.Hosting.Internal.WebHost|Request starting HTTP/1.1 GET http://localhost:1028/  
2021-03-10 12:02:39.9577|INFO|Microsoft.AspNetCore.Hosting.Internal.WebHost|Request starting HTTP/1.1 DEBUG http://localhost:1028/  0
2021-03-10 12:02:39.9843|INFO|Microsoft.AspNetCore.Hosting.Internal.WebHost|Request finished in 26.9498ms 200 
2021-03-10 12:02:40.0514|INFO|Microsoft.AspNetCore.Hosting.Internal.WebHost|Request finished in 94.9647ms 404 text/plain
2021-03-10 12:02:43.9753|INFO|Microsoft.AspNetCore.Hosting.Internal.WebHost|Request starting HTTP/1.1 DELETE http://localhost:1028/api/cities/1/pointsofinterest/1  
2021-03-10 12:02:43.9997|INFO|Microsoft.AspNetCore.Mvc.Internal.ControllerActionInvoker|Route matched with {action = "DeletePointOfInterest", controller = "PointsOfInterest"}. Executing controller action with signature Microsoft.AspNetCore.Mvc.IActionResult DeletePointOfInterest(Int32, Int32) on controller CityInfo.API.Controllers.PointsOfInterestController (CityInfo.API).
2021-03-10 12:02:44.0138|INFO|Microsoft.AspNetCore.Mvc.Internal.ControllerActionInvoker|Executing action method CityInfo.API.Controllers.PointsOfInterestController.DeletePointOfInterest (CityInfo.API) - Validation state: Valid
2021-03-10 12:02:44.0138|INFO|Microsoft.AspNetCore.Mvc.Internal.ControllerActionInvoker|Executed action method CityInfo.API.Controllers.PointsOfInterestController.DeletePointOfInterest (CityInfo.API), returned result Microsoft.AspNetCore.Mvc.NoContentResult in 4.4369ms.
2021-03-10 12:02:44.0255|INFO|Microsoft.AspNetCore.Mvc.StatusCodeResult|Executing HttpStatusCodeResult, setting HTTP status code 204
2021-03-10 12:02:44.0255|INFO|Microsoft.AspNetCore.Mvc.Internal.ControllerActionInvoker|Executed action CityInfo.API.Controllers.PointsOfInterestController.DeletePointOfInterest (CityInfo.API) in 26.1846ms
2021-03-10 12:02:44.0255|INFO|Microsoft.AspNetCore.Hosting.Internal.WebHost|Request finished in 55.7793ms 204 
